Build started 2/9/2015 10:54:09 AM.
     1>Project "C:\Users\jpleazy\Documents\cs184\as1\as1.vcxproj" on node 2 (Build target(s)).
     1>ClCompile:
         C:\Program Files (x86)\Microsoft Visual Studio 12.0\VC\bin\CL.exe /c /I"glut-3.7.6-bin" /ZI /nologo /W3 /WX- /Od /Oy- /D WIN32 /D _DEBUG /D _CONSOLE /D _UNICODE /D UNICODE /Gm /EHsc /RTC1 /MDd /GS /fp:precise /Zc:wchar_t /Zc:forScope /Fo"Debug\\" /Fd"Debug\vc120.pdb" /Gd /TP /analyze- /errorReport:prompt Color.cpp Vector3.cpp example_01.cpp
         Vector3.cpp
     1>c:\users\jpleazy\documents\cs184\as1\vector3.cpp(41): error C2039: 'overflow_error' : is not a member of 'std'
     1>c:\users\jpleazy\documents\cs184\as1\vector3.cpp(41): error C3861: 'overflow_error': identifier not found
         Color.cpp
     1>c:\users\jpleazy\documents\cs184\as1\color.cpp(28): error C2084: function 'Color Color::scalar_mult(Color,float) const' already has a body
                 c:\users\jpleazy\documents\cs184\as1\color.h(9) : see previous definition of 'scalar_mult'
         Generating Code...
         Compiling...
         example_01.cpp
         Generating Code...
     1>Done Building Project "C:\Users\jpleazy\Documents\cs184\as1\as1.vcxproj" (Build target(s)) -- FAILED.

Build FAILED.

Time Elapsed 00:00:04.90
