Build started 3/20/2015 9:25:11 PM.
     1>Project "C:\Users\jpleazy\Documents\cs184\cs184Code\CS184\A2\as1.vcxproj" on node 2 (Build target(s)).
     1>ClCompile:
         C:\Program Files (x86)\Microsoft Visual Studio 12.0\VC\bin\CL.exe /c /I"glut-3.7.6-bin" /ZI /nologo /W3 /WX- /Od /Oy- /D WIN32 /D _DEBUG /D _CONSOLE /D _UNICODE /D UNICODE /Gm /EHsc /RTC1 /MDd /GS /fp:precise /Zc:wchar_t /Zc:forScope /Fo"Debug\\" /Fd"Debug\vc120.pdb" /Gd /TP /analyze- /errorReport:prompt Color.cpp DirectedLight.cpp Image.cpp PointLight.cpp Polygon.cpp Triangle.cpp Vector3.cpp ray_tracer.cpp
         ray_tracer.cpp
     1>c:\users\jpleazy\documents\cs184\cs184code\cs184\a2\ray_tracer.cpp(165): warning C4305: '+=' : truncation from 'double' to 'float'
     1>c:\users\jpleazy\documents\cs184\cs184code\cs184\a2\ray_tracer.cpp(166): warning C4305: '+=' : truncation from 'double' to 'float'
     1>c:\users\jpleazy\documents\cs184\cs184code\cs184\a2\ray_tracer.cpp(190): warning C4305: '+=' : truncation from 'double' to 'float'
     1>c:\users\jpleazy\documents\cs184\cs184code\cs184\a2\ray_tracer.cpp(191): warning C4305: '+=' : truncation from 'double' to 'float'
     1>c:\users\jpleazy\documents\cs184\cs184code\cs184\a2\ray_tracer.cpp(215): warning C4305: 'argument' : truncation from 'double' to 'float'
     1>c:\users\jpleazy\documents\cs184\cs184code\cs184\a2\ray_tracer.cpp(284): warning C4244: 'argument' : conversion from 'double' to 'int', possible loss of data
     1>c:\users\jpleazy\documents\cs184\cs184code\cs184\a2\ray_tracer.cpp(645): warning C4018: '<' : signed/unsigned mismatch
     1>c:\users\jpleazy\documents\cs184\cs184code\cs184\a2\ray_tracer.cpp(685): warning C4018: '<' : signed/unsigned mismatch
     1>c:\users\jpleazy\documents\cs184\cs184code\cs184\a2\ray_tracer.cpp(780): warning C4244: 'argument' : conversion from 'float' to 'int', possible loss of data
     1>c:\users\jpleazy\documents\cs184\cs184code\cs184\a2\ray_tracer.cpp(979): warning C4305: 'initializing' : truncation from 'double' to 'float'
     1>c:\users\jpleazy\documents\cs184\cs184code\cs184\a2\ray_tracer.cpp(1241): warning C4244: 'argument' : conversion from 'double' to 'float', possible loss of data
     1>c:\users\jpleazy\documents\cs184\cs184code\cs184\a2\ray_tracer.cpp(1080): warning C4101: 'lightHitTime' : unreferenced local variable
         Vector3.cpp
         Triangle.cpp
     1>c:\users\jpleazy\documents\cs184\cs184code\cs184\a2\triangle.cpp(59): warning C4305: 'initializing' : truncation from 'double' to 'float'
     1>c:\users\jpleazy\documents\cs184\cs184code\cs184\a2\triangle.cpp(158): warning C4305: 'initializing' : truncation from 'double' to 'float'
         Polygon.cpp
     1>c:\users\jpleazy\documents\cs184\cs184code\cs184\a2\polygon.cpp(23): warning C4305: 'initializing' : truncation from 'double' to 'float'
         PointLight.cpp
     1>c:\users\jpleazy\documents\cs184\cs184code\cs184\a2\pointlight.cpp(80): error C3861: 'max': identifier not found
     1>c:\users\jpleazy\documents\cs184\cs184code\cs184\a2\pointlight.cpp(82): error C3861: 'max': identifier not found
     1>c:\users\jpleazy\documents\cs184\cs184code\cs184\a2\pointlight.cpp(92): error C3861: 'max': identifier not found
     1>c:\users\jpleazy\documents\cs184\cs184code\cs184\a2\pointlight.cpp(94): error C3861: 'max': identifier not found
     1>c:\users\jpleazy\documents\cs184\cs184code\cs184\a2\pointlight.cpp(104): error C3861: 'max': identifier not found
     1>c:\users\jpleazy\documents\cs184\cs184code\cs184\a2\pointlight.cpp(106): error C3861: 'max': identifier not found
         Image.cpp
     1>c:\users\jpleazy\documents\cs184\cs184code\cs184\a2\image.cpp(7): fatal error C1083: Cannot open include file: 'png.h': No such file or directory
         DirectedLight.cpp
     1>c:\users\jpleazy\documents\cs184\cs184code\cs184\a2\directedlight.cpp(84): error C3861: 'max': identifier not found
     1>c:\users\jpleazy\documents\cs184\cs184code\cs184\a2\directedlight.cpp(86): error C3861: 'max': identifier not found
     1>c:\users\jpleazy\documents\cs184\cs184code\cs184\a2\directedlight.cpp(96): error C3861: 'max': identifier not found
     1>c:\users\jpleazy\documents\cs184\cs184code\cs184\a2\directedlight.cpp(98): error C3861: 'max': identifier not found
     1>c:\users\jpleazy\documents\cs184\cs184code\cs184\a2\directedlight.cpp(108): error C3861: 'max': identifier not found
     1>c:\users\jpleazy\documents\cs184\cs184code\cs184\a2\directedlight.cpp(110): error C3861: 'max': identifier not found
         Color.cpp
         Generating Code...
     1>Done Building Project "C:\Users\jpleazy\Documents\cs184\cs184Code\CS184\A2\as1.vcxproj" (Build target(s)) -- FAILED.

Build FAILED.

Time Elapsed 00:00:14.04
